# JRE version: OpenJDK Runtime Environment Temurin-21.0.10+7 (21.0.10+7) (build 21.0.10+7-LTS)
# Java VM: OpenJDK 64-Bit Server VM Temurin-21.0.10+7 (21.0.10+7-LTS, mixed mode, sharing, tiered, compressed oops, compressed class ptrs, parallel gc, windows-amd64)
GC Precious Log:
 CardTable entry size: 512
 CPUs: 8 total, 8 available
 Memory: 7971M
 Large Page Support: Disabled
 NUMA Support: Disabled
 Compressed Oops: Enabled (32-bit)
 Alignments: Space 512K, Generation 512K, Heap 2M
 Heap Min Capacity: 100M
 Heap Initial Capacity: 100M
 Heap Max Capacity: 2G
 Pre-touch: Disabled
 Parallel Workers: 8
Heap:
 PSYoungGen      total 5632K, used 2346K [0x00000000d5580000, 0x00000000d5c80000, 0x0000000100000000)
  eden space 5120K, 36% used [0x00000000d5580000,0x00000000d5750a80,0x00000000d5a80000)
  from space 512K, 95% used [0x00000000d5b00000,0x00000000d5b7a030,0x00000000d5b80000)
  to   space 1024K, 0% used [0x00000000d5b80000,0x00000000d5b80000,0x00000000d5c80000)
 ParOldGen       total 755712K, used 755232K [0x0000000080000000, 0x00000000ae200000, 0x00000000d5580000)
  object space 755712K, 99% used [0x0000000080000000,0x00000000ae188288,0x00000000ae200000)
 Metaspace       used 89939K, committed 91776K, reserved 1179648K
  class space    used 10533K, committed 11392K, reserved 1048576K
GC Heap History (20 events):
Event: 277.901 GC heap before
{Heap before GC invocations=2404 (full 4):
 PSYoungGen      total 6144K, used 5944K [0x00000000d5580000, 0x00000000d5c80000, 0x0000000100000000)
  eden space 5120K, 100% used [0x00000000d5580000,0x00000000d5a80000,0x00000000d5a80000)
  from space 1024K, 80% used [0x00000000d5a80000,0x00000000d5b4e008,0x00000000d5b80000)
  to   space 1024K, 0% used [0x00000000d5b80000,0x00000000d5b80000,0x00000000d5c80000)
 ParOldGen       total 750592K, used 750135K [0x0000000080000000, 0x00000000add00000, 0x00000000d5580000)
  object space 750592K, 99% used [0x0000000080000000,0x00000000adc8dd68,0x00000000add00000)
 Metaspace       used 89499K, committed 91328K, reserved 1179648K
  class space    used 10479K, committed 11328K, reserved 1048576K
}
Event: 277.904 GC heap after
{Heap after GC invocations=2404 (full 4):
 PSYoungGen      total 6144K, used 576K [0x00000000d5580000, 0x00000000d5c80000, 0x0000000100000000)
  eden space 5120K, 0% used [0x00000000d5580000,0x00000000d5580000,0x00000000d5a80000)
  from space 1024K, 56% used [0x00000000d5b80000,0x00000000d5c10000,0x00000000d5c80000)
  to   space 1024K, 0% used [0x00000000d5a80000,0x00000000d5a80000,0x00000000d5b80000)
 ParOldGen       total 751104K, used 750823K [0x0000000080000000, 0x00000000add80000, 0x00000000d5580000)
  object space 751104K, 99% used [0x0000000080000000,0x00000000add39d70,0x00000000add80000)
 Metaspace       used 89499K, committed 91328K, reserved 1179648K
  class space    used 10479K, committed 11328K, reserved 1048576K
}
Event: 277.930 GC heap before
{Heap before GC invocations=2405 (full 4):
 PSYoungGen      total 6144K, used 5695K [0x00000000d5580000, 0x00000000d5c80000, 0x0000000100000000)
  eden space 5120K, 99% used [0x00000000d5580000,0x00000000d5a7fff0,0x00000000d5a80000)
  from space 1024K, 56% used [0x00000000d5b80000,0x00000000d5c10000,0x00000000d5c80000)
  to   space 1024K, 0% used [0x00000000d5a80000,0x00000000d5a80000,0x00000000d5b80000)
 ParOldGen       total 751104K, used 750823K [0x0000000080000000, 0x00000000add80000, 0x00000000d5580000)
  object space 751104K, 99% used [0x0000000080000000,0x00000000add39d70,0x00000000add80000)
 Metaspace       used 89499K, committed 91328K, reserved 1179648K
  class space    used 10479K, committed 11328K, reserved 1048576K
}
Event: 277.932 GC heap after
{Heap after GC invocations=2405 (full 4):
 PSYoungGen      total 6144K, used 736K [0x00000000d5580000, 0x00000000d5c80000, 0x0000000100000000)
  eden space 5120K, 0% used [0x00000000d5580000,0x00000000d5580000,0x00000000d5a80000)
  from space 1024K, 71% used [0x00000000d5a80000,0x00000000d5b38000,0x00000000d5b80000)
  to   space 1024K, 0% used [0x00000000d5b80000,0x00000000d5b80000,0x00000000d5c80000)
 ParOldGen       total 751616K, used 751279K [0x0000000080000000, 0x00000000ade00000, 0x00000000d5580000)
  object space 751616K, 99% used [0x0000000080000000,0x00000000addabd70,0x00000000ade00000)
 Metaspace       used 89499K, committed 91328K, reserved 1179648K
  class space    used 10479K, committed 11328K, reserved 1048576K
}
Event: 278.005 GC heap before
{Heap before GC invocations=2406 (full 4):
 PSYoungGen      total 6144K, used 5856K [0x00000000d5580000, 0x00000000d5c80000, 0x0000000100000000)
  eden space 5120K, 100% used [0x00000000d5580000,0x00000000d5a80000,0x00000000d5a80000)
  from space 1024K, 71% used [0x00000000d5a80000,0x00000000d5b38000,0x00000000d5b80000)
  to   space 1024K, 0% used [0x00000000d5b80000,0x00000000d5b80000,0x00000000d5c80000)
 ParOldGen       total 751616K, used 751279K [0x0000000080000000, 0x00000000ade00000, 0x00000000d5580000)
  object space 751616K, 99% used [0x0000000080000000,0x00000000addabd70,0x00000000ade00000)
 Metaspace       used 89500K, committed 91328K, reserved 1179648K
  class space    used 10479K, committed 11328K, reserved 1048576K
}
Event: 278.007 GC heap after
{Heap after GC invocations=2406 (full 4):
 PSYoungGen      total 6144K, used 442K [0x00000000d5580000, 0x00000000d5c80000, 0x0000000100000000)
  eden space 5120K, 0% used [0x00000000d5580000,0x00000000d5580000,0x00000000d5a80000)
  from space 1024K, 43% used [0x00000000d5b80000,0x00000000d5bee938,0x00000000d5c80000)
  to   space 1024K, 0% used [0x00000000d5a80000,0x00000000d5a80000,0x00000000d5b80000)
 ParOldGen       total 752128K, used 751791K [0x0000000080000000, 0x00000000ade80000, 0x00000000d5580000)
  object space 752128K, 99% used [0x0000000080000000,0x00000000ade2bd70,0x00000000ade80000)
 Metaspace       used 89500K, committed 91328K, reserved 1179648K
  class space    used 10479K, committed 11328K, reserved 1048576K
}
Event: 278.028 GC heap before
{Heap before GC invocations=2407 (full 4):
 PSYoungGen      total 6144K, used 5562K [0x00000000d5580000, 0x00000000d5c80000, 0x0000000100000000)
  eden space 5120K, 100% used [0x00000000d5580000,0x00000000d5a80000,0x00000000d5a80000)
  from space 1024K, 43% used [0x00000000d5b80000,0x00000000d5bee938,0x00000000d5c80000)
  to   space 1024K, 0% used [0x00000000d5a80000,0x00000000d5a80000,0x00000000d5b80000)
 ParOldGen       total 752128K, used 751791K [0x0000000080000000, 0x00000000ade80000, 0x00000000d5580000)
  object space 752128K, 99% used [0x0000000080000000,0x00000000ade2bd70,0x00000000ade80000)
 Metaspace       used 89500K, committed 91328K, reserved 1179648K
  class space    used 10479K, committed 11328K, reserved 1048576K
}
Event: 278.029 GC heap after
{Heap after GC invocations=2407 (full 4):
 PSYoungGen      total 6144K, used 608K [0x00000000d5580000, 0x00000000d5c80000, 0x0000000100000000)
  eden space 5120K, 0% used [0x00000000d5580000,0x00000000d5580000,0x00000000d5a80000)
  from space 1024K, 59% used [0x00000000d5a80000,0x00000000d5b18000,0x00000000d5b80000)
  to   space 1024K, 0% used [0x00000000d5b80000,0x00000000d5b80000,0x00000000d5c80000)
 ParOldGen       total 752128K, used 752097K [0x0000000080000000, 0x00000000ade80000, 0x00000000d5580000)
  object space 752128K, 99% used [0x0000000080000000,0x00000000ade786a8,0x00000000ade80000)
 Metaspace       used 89500K, committed 91328K, reserved 1179648K
  class space    used 10479K, committed 11328K, reserved 1048576K
}
Event: 278.077 GC heap before
{Heap before GC invocations=2408 (full 4):
 PSYoungGen      total 6144K, used 5728K [0x00000000d5580000, 0x00000000d5c80000, 0x0000000100000000)
  eden space 5120K, 100% used [0x00000000d5580000,0x00000000d5a80000,0x00000000d5a80000)
  from space 1024K, 59% used [0x00000000d5a80000,0x00000000d5b18000,0x00000000d5b80000)
  to   space 1024K, 0% used [0x00000000d5b80000,0x00000000d5b80000,0x00000000d5c80000)
 ParOldGen       total 752128K, used 752097K [0x0000000080000000, 0x00000000ade80000, 0x00000000d5580000)
  object space 752128K, 99% used [0x0000000080000000,0x00000000ade786a8,0x00000000ade80000)
 Metaspace       used 89506K, committed 91328K, reserved 1179648K
  class space    used 10479K, committed 11328K, reserved 1048576K
}
Event: 278.080 GC heap after
{Heap after GC invocations=2408 (full 4):
 PSYoungGen      total 6144K, used 530K [0x00000000d5580000, 0x00000000d5c80000, 0x0000000100000000)
  eden space 5120K, 0% used [0x00000000d5580000,0x00000000d5580000,0x00000000d5a80000)
  from space 1024K, 51% used [0x00000000d5b80000,0x00000000d5c04b20,0x00000000d5c80000)
  to   space 1024K, 0% used [0x00000000d5a80000,0x00000000d5a80000,0x00000000d5b80000)
 ParOldGen       total 752640K, used 752588K [0x0000000080000000, 0x00000000adf00000, 0x00000000d5580000)
  object space 752640K, 99% used [0x0000000080000000,0x00000000adef32b0,0x00000000adf00000)
 Metaspace       used 89506K, committed 91328K, reserved 1179648K
  class space    used 10479K, committed 11328K, reserved 1048576K
}
Event: 278.103 GC heap before
{Heap before GC invocations=2409 (full 4):
 PSYoungGen      total 6144K, used 5650K [0x00000000d5580000, 0x00000000d5c80000, 0x0000000100000000)
  eden space 5120K, 100% used [0x00000000d5580000,0x00000000d5a80000,0x00000000d5a80000)
  from space 1024K, 51% used [0x00000000d5b80000,0x00000000d5c04b20,0x00000000d5c80000)
  to   space 1024K, 0% used [0x00000000d5a80000,0x00000000d5a80000,0x00000000d5b80000)
 ParOldGen       total 752640K, used 752588K [0x0000000080000000, 0x00000000adf00000, 0x00000000d5580000)
  object space 752640K, 99% used [0x0000000080000000,0x00000000adef32b0,0x00000000adf00000)
 Metaspace       used 89506K, committed 91328K, reserved 1179648K
  class space    used 10479K, committed 11328K, reserved 1048576K
}
Event: 278.106 GC heap after
{Heap after GC invocations=2409 (full 4):
 PSYoungGen      total 6144K, used 640K [0x00000000d5580000, 0x00000000d5c80000, 0x0000000100000000)
  eden space 5120K, 0% used [0x00000000d5580000,0x00000000d5580000,0x00000000d5a80000)
  from space 1024K, 62% used [0x00000000d5a80000,0x00000000d5b20000,0x00000000d5b80000)
  to   space 1024K, 0% used [0x00000000d5b80000,0x00000000d5b80000,0x00000000d5c80000)
 ParOldGen       total 753152K, used 753015K [0x0000000080000000, 0x00000000adf80000, 0x00000000d5580000)
  object space 753152K, 99% used [0x0000000080000000,0x00000000adf5ddd0,0x00000000adf80000)
 Metaspace       used 89506K, committed 91328K, reserved 1179648K
  class space    used 10479K, committed 11328K, reserved 1048576K
}
Event: 278.152 GC heap before
{Heap before GC invocations=2410 (full 4):
 PSYoungGen      total 6144K, used 5760K [0x00000000d5580000, 0x00000000d5c80000, 0x0000000100000000)
  eden space 5120K, 100% used [0x00000000d5580000,0x00000000d5a80000,0x00000000d5a80000)
  from space 1024K, 62% used [0x00000000d5a80000,0x00000000d5b20000,0x00000000d5b80000)
  to   space 1024K, 0% used [0x00000000d5b80000,0x00000000d5b80000,0x00000000d5c80000)
 ParOldGen       total 753152K, used 753015K [0x0000000080000000, 0x00000000adf80000, 0x00000000d5580000)
  object space 753152K, 99% used [0x0000000080000000,0x00000000adf5ddd0,0x00000000adf80000)
 Metaspace       used 89506K, committed 91328K, reserved 1179648K
  class space    used 10479K, committed 11328K, reserved 1048576K
}
Event: 278.155 GC heap after
{Heap after GC invocations=2410 (full 4):
 PSYoungGen      total 6144K, used 928K [0x00000000d5580000, 0x00000000d5c80000, 0x0000000100000000)
  eden space 5120K, 0% used [0x00000000d5580000,0x00000000d5580000,0x00000000d5a80000)
  from space 1024K, 90% used [0x00000000d5b80000,0x00000000d5c68000,0x00000000d5c80000)
  to   space 1024K, 0% used [0x00000000d5a80000,0x00000000d5a80000,0x00000000d5b80000)
 ParOldGen       total 753664K, used 753562K [0x0000000080000000, 0x00000000ae000000, 0x00000000d5580000)
  object space 753664K, 99% used [0x0000000080000000,0x00000000adfe69d8,0x00000000ae000000)
 Metaspace       used 89506K, committed 91328K, reserved 1179648K
  class space    used 10479K, committed 11328K, reserved 1048576K
}
Event: 278.233 GC heap before
{Heap before GC invocations=2411 (full 4):
 PSYoungGen      total 6144K, used 6048K [0x00000000d5580000, 0x00000000d5c80000, 0x0000000100000000)
  eden space 5120K, 100% used [0x00000000d5580000,0x00000000d5a80000,0x00000000d5a80000)
  from space 1024K, 90% used [0x00000000d5b80000,0x00000000d5c68000,0x00000000d5c80000)
  to   space 1024K, 0% used [0x00000000d5a80000,0x00000000d5a80000,0x00000000d5b80000)
 ParOldGen       total 753664K, used 753562K [0x0000000080000000, 0x00000000ae000000, 0x00000000d5580000)
  object space 753664K, 99% used [0x0000000080000000,0x00000000adfe69d8,0x00000000ae000000)
 Metaspace       used 89713K, committed 91520K, reserved 1179648K
  class space    used 10504K, committed 11328K, reserved 1048576K
}
Event: 278.238 GC heap after
{Heap after GC invocations=2411 (full 4):
 PSYoungGen      total 6144K, used 843K [0x00000000d5580000, 0x00000000d5c80000, 0x0000000100000000)
  eden space 5120K, 0% used [0x00000000d5580000,0x00000000d5580000,0x00000000d5a80000)
  from space 1024K, 82% used [0x00000000d5a80000,0x00000000d5b52fc0,0x00000000d5b80000)
  to   space 1024K, 0% used [0x00000000d5b80000,0x00000000d5b80000,0x00000000d5c80000)
 ParOldGen       total 754688K, used 754377K [0x0000000080000000, 0x00000000ae100000, 0x00000000d5580000)
  object space 754688K, 99% used [0x0000000080000000,0x00000000ae0b27a0,0x00000000ae100000)
 Metaspace       used 89713K, committed 91520K, reserved 1179648K
  class space    used 10504K, committed 11328K, reserved 1048576K
}
Event: 278.285 GC heap before
{Heap before GC invocations=2412 (full 4):
 PSYoungGen      total 6144K, used 5908K [0x00000000d5580000, 0x00000000d5c80000, 0x0000000100000000)
  eden space 5120K, 98% used [0x00000000d5580000,0x00000000d5a72040,0x00000000d5a80000)
  from space 1024K, 82% used [0x00000000d5a80000,0x00000000d5b52fc0,0x00000000d5b80000)
  to   space 1024K, 0% used [0x00000000d5b80000,0x00000000d5b80000,0x00000000d5c80000)
 ParOldGen       total 754688K, used 754377K [0x0000000080000000, 0x00000000ae100000, 0x00000000d5580000)
  object space 754688K, 99% used [0x0000000080000000,0x00000000ae0b27a0,0x00000000ae100000)
 Metaspace       used 89827K, committed 91584K, reserved 1179648K
  class space    used 10520K, committed 11328K, reserved 1048576K
}
Event: 278.289 GC heap after
{Heap after GC invocations=2412 (full 4):
 PSYoungGen      total 5632K, used 288K [0x00000000d5580000, 0x00000000d5c00000, 0x0000000100000000)
  eden space 5120K, 0% used [0x00000000d5580000,0x00000000d5580000,0x00000000d5a80000)
  from space 512K, 56% used [0x00000000d5b80000,0x00000000d5bc8020,0x00000000d5c00000)
  to   space 512K, 0% used [0x00000000d5b00000,0x00000000d5b00000,0x00000000d5b80000)
 ParOldGen       total 755200K, used 755080K [0x0000000080000000, 0x00000000ae180000, 0x00000000d5580000)
  object space 755200K, 99% used [0x0000000080000000,0x00000000ae162268,0x00000000ae180000)
 Metaspace       used 89827K, committed 91584K, reserved 1179648K
  class space    used 10520K, committed 11328K, reserved 1048576K
}
Event: 278.429 GC heap before
{Heap before GC invocations=2413 (full 4):
 PSYoungGen      total 5632K, used 5407K [0x00000000d5580000, 0x00000000d5c00000, 0x0000000100000000)
  eden space 5120K, 99% used [0x00000000d5580000,0x00000000d5a7ffd0,0x00000000d5a80000)
  from space 512K, 56% used [0x00000000d5b80000,0x00000000d5bc8020,0x00000000d5c00000)
  to   space 512K, 0% used [0x00000000d5b00000,0x00000000d5b00000,0x00000000d5b80000)
 ParOldGen       total 755200K, used 755080K [0x0000000080000000, 0x00000000ae180000, 0x00000000d5580000)
  object space 755200K, 99% used [0x0000000080000000,0x00000000ae162268,0x00000000ae180000)
 Metaspace       used 89873K, committed 91776K, reserved 1179648K
  class space    used 10525K, committed 11392K, reserved 1048576K
}
Event: 278.433 GC heap after
{Heap after GC invocations=2413 (full 4):
 PSYoungGen      total 5632K, used 488K [0x00000000d5580000, 0x00000000d5c80000, 0x0000000100000000)
  eden space 5120K, 0% used [0x00000000d5580000,0x00000000d5580000,0x00000000d5a80000)
  from space 512K, 95% used [0x00000000d5b00000,0x00000000d5b7a030,0x00000000d5b80000)
  to   space 1024K, 0% used [0x00000000d5b80000,0x00000000d5b80000,0x00000000d5c80000)
 ParOldGen       total 755712K, used 755232K [0x0000000080000000, 0x00000000ae200000, 0x00000000d5580000)
  object space 755712K, 99% used [0x0000000080000000,0x00000000ae188288,0x00000000ae200000)
 Metaspace       used 89873K, committed 91776K, reserved 1179648K
  class space    used 10525K, committed 11392K, reserved 1048576K
}

