# JRE version: OpenJDK Runtime Environment Temurin-21.0.9+10 (21.0.9+10) (build 21.0.9+10-LTS)
# Java VM: OpenJDK 64-Bit Server VM Temurin-21.0.9+10 (21.0.9+10-LTS, mixed mode, sharing, tiered, compressed oops, compressed class ptrs, parallel gc, windows-amd64)
GC Precious Log:
 CardTable entry size: 512
 CPUs: 8 total, 8 available
 Memory: 7971M
 Large Page Support: Disabled
 NUMA Support: Disabled
 Compressed Oops: Enabled (32-bit)
 Alignments: Space 512K, Generation 512K, Heap 2M
 Heap Min Capacity: 100M
 Heap Initial Capacity: 100M
 Heap Max Capacity: 2G
 Pre-touch: Disabled
 Parallel Workers: 8
Heap:
 PSYoungGen      total 24576K, used 23753K [0x00000000d5580000, 0x00000000d7180000, 0x0000000100000000)
  eden space 22016K, 98% used [0x00000000d5580000,0x00000000d6ab1430,0x00000000d6b00000)
  from space 2560K, 80% used [0x00000000d6f00000,0x00000000d7101000,0x00000000d7180000)
  to   space 2560K, 0% used [0x00000000d6c80000,0x00000000d6c80000,0x00000000d6f00000)
 ParOldGen       total 68608K, used 52592K [0x0000000080000000, 0x0000000084300000, 0x00000000d5580000)
  object space 68608K, 76% used [0x0000000080000000,0x000000008335c2f0,0x0000000084300000)
 Metaspace       used 56844K, committed 58176K, reserved 1114112K
  class space    used 6663K, committed 7232K, reserved 1048576K
GC Heap History (20 events):
Event: 24.557 GC heap before
{Heap before GC invocations=23 (full 2):
 PSYoungGen      total 23040K, used 23024K [0x00000000d5580000, 0x00000000d7580000, 0x0000000100000000)
  eden space 22016K, 100% used [0x00000000d5580000,0x00000000d6b00000,0x00000000d6b00000)
  from space 1024K, 98% used [0x00000000d7480000,0x00000000d757c010,0x00000000d7580000)
  to   space 4096K, 0% used [0x00000000d6d80000,0x00000000d6d80000,0x00000000d7180000)
 ParOldGen       total 68608K, used 30719K [0x0000000080000000, 0x0000000084300000, 0x00000000d5580000)
  object space 68608K, 44% used [0x0000000080000000,0x0000000081dfff60,0x0000000084300000)
 Metaspace       used 48985K, committed 50176K, reserved 1114112K
  class space    used 5479K, committed 5952K, reserved 1048576K
}
Event: 24.568 GC heap after
{Heap after GC invocations=23 (full 2):
 PSYoungGen      total 26112K, used 4071K [0x00000000d5580000, 0x00000000d8000000, 0x0000000100000000)
  eden space 22016K, 0% used [0x00000000d5580000,0x00000000d5580000,0x00000000d6b00000)
  from space 4096K, 99% used [0x00000000d6d80000,0x00000000d7179d08,0x00000000d7180000)
  to   space 10752K, 0% used [0x00000000d7580000,0x00000000d7580000,0x00000000d8000000)
 ParOldGen       total 68608K, used 35607K [0x0000000080000000, 0x0000000084300000, 0x00000000d5580000)
  object space 68608K, 51% used [0x0000000080000000,0x00000000822c5f38,0x0000000084300000)
 Metaspace       used 48985K, committed 50176K, reserved 1114112K
  class space    used 5479K, committed 5952K, reserved 1048576K
}
Event: 25.576 GC heap before
{Heap before GC invocations=24 (full 2):
 PSYoungGen      total 26112K, used 26087K [0x00000000d5580000, 0x00000000d8000000, 0x0000000100000000)
  eden space 22016K, 100% used [0x00000000d5580000,0x00000000d6b00000,0x00000000d6b00000)
  from space 4096K, 99% used [0x00000000d6d80000,0x00000000d7179d08,0x00000000d7180000)
  to   space 10752K, 0% used [0x00000000d7580000,0x00000000d7580000,0x00000000d8000000)
 ParOldGen       total 68608K, used 35607K [0x0000000080000000, 0x0000000084300000, 0x00000000d5580000)
  object space 68608K, 51% used [0x0000000080000000,0x00000000822c5f38,0x0000000084300000)
 Metaspace       used 50488K, committed 51648K, reserved 1114112K
  class space    used 5728K, committed 6208K, reserved 1048576K
}
Event: 25.580 GC heap after
{Heap after GC invocations=24 (full 2):
 PSYoungGen      total 23040K, used 800K [0x00000000d5580000, 0x00000000d7680000, 0x0000000100000000)
  eden space 22016K, 0% used [0x00000000d5580000,0x00000000d5580000,0x00000000d6b00000)
  from space 1024K, 78% used [0x00000000d7580000,0x00000000d7648000,0x00000000d7680000)
  to   space 4096K, 0% used [0x00000000d6e80000,0x00000000d6e80000,0x00000000d7280000)
 ParOldGen       total 68608K, used 39631K [0x0000000080000000, 0x0000000084300000, 0x00000000d5580000)
  object space 68608K, 57% used [0x0000000080000000,0x00000000826b3fd8,0x0000000084300000)
 Metaspace       used 50488K, committed 51648K, reserved 1114112K
  class space    used 5728K, committed 6208K, reserved 1048576K
}
Event: 26.647 GC heap before
{Heap before GC invocations=25 (full 2):
 PSYoungGen      total 23040K, used 22808K [0x00000000d5580000, 0x00000000d7680000, 0x0000000100000000)
  eden space 22016K, 99% used [0x00000000d5580000,0x00000000d6afe0c8,0x00000000d6b00000)
  from space 1024K, 78% used [0x00000000d7580000,0x00000000d7648000,0x00000000d7680000)
  to   space 4096K, 0% used [0x00000000d6e80000,0x00000000d6e80000,0x00000000d7280000)
 ParOldGen       total 68608K, used 39631K [0x0000000080000000, 0x0000000084300000, 0x00000000d5580000)
  object space 68608K, 57% used [0x0000000080000000,0x00000000826b3fd8,0x0000000084300000)
 Metaspace       used 50516K, committed 51648K, reserved 1114112K
  class space    used 5729K, committed 6208K, reserved 1048576K
}
Event: 26.650 GC heap after
{Heap after GC invocations=25 (full 2):
 PSYoungGen      total 26112K, used 3793K [0x00000000d5580000, 0x00000000d7600000, 0x0000000100000000)
  eden space 22016K, 0% used [0x00000000d5580000,0x00000000d5580000,0x00000000d6b00000)
  from space 4096K, 92% used [0x00000000d6e80000,0x00000000d7234568,0x00000000d7280000)
  to   space 3584K, 0% used [0x00000000d7280000,0x00000000d7280000,0x00000000d7600000)
 ParOldGen       total 68608K, used 40304K [0x0000000080000000, 0x0000000084300000, 0x00000000d5580000)
  object space 68608K, 58% used [0x0000000080000000,0x000000008275c388,0x0000000084300000)
 Metaspace       used 50516K, committed 51648K, reserved 1114112K
  class space    used 5729K, committed 6208K, reserved 1048576K
}
Event: 27.272 GC heap before
{Heap before GC invocations=26 (full 2):
 PSYoungGen      total 26112K, used 25809K [0x00000000d5580000, 0x00000000d7600000, 0x0000000100000000)
  eden space 22016K, 100% used [0x00000000d5580000,0x00000000d6b00000,0x00000000d6b00000)
  from space 4096K, 92% used [0x00000000d6e80000,0x00000000d7234568,0x00000000d7280000)
  to   space 3584K, 0% used [0x00000000d7280000,0x00000000d7280000,0x00000000d7600000)
 ParOldGen       total 68608K, used 40304K [0x0000000080000000, 0x0000000084300000, 0x00000000d5580000)
  object space 68608K, 58% used [0x0000000080000000,0x000000008275c388,0x0000000084300000)
 Metaspace       used 52034K, committed 53248K, reserved 1114112K
  class space    used 6020K, committed 6528K, reserved 1048576K
}
Event: 27.278 GC heap after
{Heap after GC invocations=26 (full 2):
 PSYoungGen      total 23552K, used 1334K [0x00000000d5580000, 0x00000000d7400000, 0x0000000100000000)
  eden space 22016K, 0% used [0x00000000d5580000,0x00000000d5580000,0x00000000d6b00000)
  from space 1536K, 86% used [0x00000000d7280000,0x00000000d73cdb68,0x00000000d7400000)
  to   space 2560K, 0% used [0x00000000d6f00000,0x00000000d6f00000,0x00000000d7180000)
 ParOldGen       total 68608K, used 43841K [0x0000000080000000, 0x0000000084300000, 0x00000000d5580000)
  object space 68608K, 63% used [0x0000000080000000,0x0000000082ad04c8,0x0000000084300000)
 Metaspace       used 52034K, committed 53248K, reserved 1114112K
  class space    used 6020K, committed 6528K, reserved 1048576K
}
Event: 28.383 GC heap before
{Heap before GC invocations=27 (full 2):
 PSYoungGen      total 23552K, used 23350K [0x00000000d5580000, 0x00000000d7400000, 0x0000000100000000)
  eden space 22016K, 100% used [0x00000000d5580000,0x00000000d6b00000,0x00000000d6b00000)
  from space 1536K, 86% used [0x00000000d7280000,0x00000000d73cdb68,0x00000000d7400000)
  to   space 2560K, 0% used [0x00000000d6f00000,0x00000000d6f00000,0x00000000d7180000)
 ParOldGen       total 68608K, used 43841K [0x0000000080000000, 0x0000000084300000, 0x00000000d5580000)
  object space 68608K, 63% used [0x0000000080000000,0x0000000082ad04c8,0x0000000084300000)
 Metaspace       used 54605K, committed 55808K, reserved 1114112K
  class space    used 6422K, committed 6976K, reserved 1048576K
}
Event: 28.387 GC heap after
{Heap after GC invocations=27 (full 2):
 PSYoungGen      total 24576K, used 752K [0x00000000d5580000, 0x00000000d7300000, 0x0000000100000000)
  eden space 22016K, 0% used [0x00000000d5580000,0x00000000d5580000,0x00000000d6b00000)
  from space 2560K, 29% used [0x00000000d6f00000,0x00000000d6fbc020,0x00000000d7180000)
  to   space 1536K, 0% used [0x00000000d7180000,0x00000000d7180000,0x00000000d7300000)
 ParOldGen       total 68608K, used 44993K [0x0000000080000000, 0x0000000084300000, 0x00000000d5580000)
  object space 68608K, 65% used [0x0000000080000000,0x0000000082bf0560,0x0000000084300000)
 Metaspace       used 54605K, committed 55808K, reserved 1114112K
  class space    used 6422K, committed 6976K, reserved 1048576K
}
Event: 31.770 GC heap before
{Heap before GC invocations=28 (full 2):
 PSYoungGen      total 24576K, used 22768K [0x00000000d5580000, 0x00000000d7300000, 0x0000000100000000)
  eden space 22016K, 100% used [0x00000000d5580000,0x00000000d6b00000,0x00000000d6b00000)
  from space 2560K, 29% used [0x00000000d6f00000,0x00000000d6fbc020,0x00000000d7180000)
  to   space 1536K, 0% used [0x00000000d7180000,0x00000000d7180000,0x00000000d7300000)
 ParOldGen       total 68608K, used 44993K [0x0000000080000000, 0x0000000084300000, 0x00000000d5580000)
  object space 68608K, 65% used [0x0000000080000000,0x0000000082bf0560,0x0000000084300000)
 Metaspace       used 56273K, committed 57600K, reserved 1114112K
  class space    used 6593K, committed 7168K, reserved 1048576K
}
Event: 31.773 GC heap after
{Heap after GC invocations=28 (full 2):
 PSYoungGen      total 23040K, used 640K [0x00000000d5580000, 0x00000000d7280000, 0x0000000100000000)
  eden space 22016K, 0% used [0x00000000d5580000,0x00000000d5580000,0x00000000d6b00000)
  from space 1024K, 62% used [0x00000000d7180000,0x00000000d7220020,0x00000000d7280000)
  to   space 1024K, 0% used [0x00000000d7080000,0x00000000d7080000,0x00000000d7180000)
 ParOldGen       total 68608K, used 45600K [0x0000000080000000, 0x0000000084300000, 0x00000000d5580000)
  object space 68608K, 66% used [0x0000000080000000,0x0000000082c88280,0x0000000084300000)
 Metaspace       used 56273K, committed 57600K, reserved 1114112K
  class space    used 6593K, committed 7168K, reserved 1048576K
}
Event: 32.041 GC heap before
{Heap before GC invocations=29 (full 2):
 PSYoungGen      total 23040K, used 22656K [0x00000000d5580000, 0x00000000d7280000, 0x0000000100000000)
  eden space 22016K, 100% used [0x00000000d5580000,0x00000000d6b00000,0x00000000d6b00000)
  from space 1024K, 62% used [0x00000000d7180000,0x00000000d7220020,0x00000000d7280000)
  to   space 1024K, 0% used [0x00000000d7080000,0x00000000d7080000,0x00000000d7180000)
 ParOldGen       total 68608K, used 45600K [0x0000000080000000, 0x0000000084300000, 0x00000000d5580000)
  object space 68608K, 66% used [0x0000000080000000,0x0000000082c88280,0x0000000084300000)
 Metaspace       used 56435K, committed 57728K, reserved 1114112K
  class space    used 6602K, committed 7168K, reserved 1048576K
}
Event: 32.045 GC heap after
{Heap after GC invocations=29 (full 2):
 PSYoungGen      total 23040K, used 992K [0x00000000d5580000, 0x00000000d7200000, 0x0000000100000000)
  eden space 22016K, 0% used [0x00000000d5580000,0x00000000d5580000,0x00000000d6b00000)
  from space 1024K, 96% used [0x00000000d7080000,0x00000000d7178010,0x00000000d7180000)
  to   space 512K, 0% used [0x00000000d7180000,0x00000000d7180000,0x00000000d7200000)
 ParOldGen       total 68608K, used 47239K [0x0000000080000000, 0x0000000084300000, 0x00000000d5580000)
  object space 68608K, 68% used [0x0000000080000000,0x0000000082e21c98,0x0000000084300000)
 Metaspace       used 56435K, committed 57728K, reserved 1114112K
  class space    used 6602K, committed 7168K, reserved 1048576K
}
Event: 32.248 GC heap before
{Heap before GC invocations=30 (full 2):
 PSYoungGen      total 23040K, used 23008K [0x00000000d5580000, 0x00000000d7200000, 0x0000000100000000)
  eden space 22016K, 100% used [0x00000000d5580000,0x00000000d6b00000,0x00000000d6b00000)
  from space 1024K, 96% used [0x00000000d7080000,0x00000000d7178010,0x00000000d7180000)
  to   space 512K, 0% used [0x00000000d7180000,0x00000000d7180000,0x00000000d7200000)
 ParOldGen       total 68608K, used 47239K [0x0000000080000000, 0x0000000084300000, 0x00000000d5580000)
  object space 68608K, 68% used [0x0000000080000000,0x0000000082e21c98,0x0000000084300000)
 Metaspace       used 56822K, committed 58176K, reserved 1114112K
  class space    used 6663K, committed 7232K, reserved 1048576K
}
Event: 32.254 GC heap after
{Heap after GC invocations=30 (full 2):
 PSYoungGen      total 22528K, used 512K [0x00000000d5580000, 0x00000000d7200000, 0x0000000100000000)
  eden space 22016K, 0% used [0x00000000d5580000,0x00000000d5580000,0x00000000d6b00000)
  from space 512K, 100% used [0x00000000d7180000,0x00000000d7200000,0x00000000d7200000)
  to   space 3584K, 0% used [0x00000000d6b00000,0x00000000d6b00000,0x00000000d6e80000)
 ParOldGen       total 68608K, used 49810K [0x0000000080000000, 0x0000000084300000, 0x00000000d5580000)
  object space 68608K, 72% used [0x0000000080000000,0x00000000830a4930,0x0000000084300000)
 Metaspace       used 56822K, committed 58176K, reserved 1114112K
  class space    used 6663K, committed 7232K, reserved 1048576K
}
Event: 32.419 GC heap before
{Heap before GC invocations=31 (full 2):
 PSYoungGen      total 22528K, used 22528K [0x00000000d5580000, 0x00000000d7200000, 0x0000000100000000)
  eden space 22016K, 100% used [0x00000000d5580000,0x00000000d6b00000,0x00000000d6b00000)
  from space 512K, 100% used [0x00000000d7180000,0x00000000d7200000,0x00000000d7200000)
  to   space 3584K, 0% used [0x00000000d6b00000,0x00000000d6b00000,0x00000000d6e80000)
 ParOldGen       total 68608K, used 49810K [0x0000000080000000, 0x0000000084300000, 0x00000000d5580000)
  object space 68608K, 72% used [0x0000000080000000,0x00000000830a4930,0x0000000084300000)
 Metaspace       used 56834K, committed 58176K, reserved 1114112K
  class space    used 6663K, committed 7232K, reserved 1048576K
}
Event: 32.425 GC heap after
{Heap after GC invocations=31 (full 2):
 PSYoungGen      total 25600K, used 2368K [0x00000000d5580000, 0x00000000d7200000, 0x0000000100000000)
  eden space 22016K, 0% used [0x00000000d5580000,0x00000000d5580000,0x00000000d6b00000)
  from space 3584K, 66% used [0x00000000d6b00000,0x00000000d6d50010,0x00000000d6e80000)
  to   space 3072K, 0% used [0x00000000d6f00000,0x00000000d6f00000,0x00000000d7200000)
 ParOldGen       total 68608K, used 50354K [0x0000000080000000, 0x0000000084300000, 0x00000000d5580000)
  object space 68608K, 73% used [0x0000000080000000,0x000000008312c930,0x0000000084300000)
 Metaspace       used 56834K, committed 58176K, reserved 1114112K
  class space    used 6663K, committed 7232K, reserved 1048576K
}
Event: 32.562 GC heap before
{Heap before GC invocations=32 (full 2):
 PSYoungGen      total 25600K, used 24384K [0x00000000d5580000, 0x00000000d7200000, 0x0000000100000000)
  eden space 22016K, 100% used [0x00000000d5580000,0x00000000d6b00000,0x00000000d6b00000)
  from space 3584K, 66% used [0x00000000d6b00000,0x00000000d6d50010,0x00000000d6e80000)
  to   space 3072K, 0% used [0x00000000d6f00000,0x00000000d6f00000,0x00000000d7200000)
 ParOldGen       total 68608K, used 50354K [0x0000000080000000, 0x0000000084300000, 0x00000000d5580000)
  object space 68608K, 73% used [0x0000000080000000,0x000000008312c930,0x0000000084300000)
 Metaspace       used 56842K, committed 58176K, reserved 1114112K
  class space    used 6663K, committed 7232K, reserved 1048576K
}
Event: 32.569 GC heap after
{Heap after GC invocations=32 (full 2):
 PSYoungGen      total 24576K, used 2052K [0x00000000d5580000, 0x00000000d7180000, 0x0000000100000000)
  eden space 22016K, 0% used [0x00000000d5580000,0x00000000d5580000,0x00000000d6b00000)
  from space 2560K, 80% used [0x00000000d6f00000,0x00000000d7101000,0x00000000d7180000)
  to   space 2560K, 0% used [0x00000000d6c80000,0x00000000d6c80000,0x00000000d6f00000)
 ParOldGen       total 68608K, used 52592K [0x0000000080000000, 0x0000000084300000, 0x00000000d5580000)
  object space 68608K, 76% used [0x0000000080000000,0x000000008335c2f0,0x0000000084300000)
 Metaspace       used 56842K, committed 58176K, reserved 1114112K
  class space    used 6663K, committed 7232K, reserved 1048576K
}

