# JRE version: OpenJDK Runtime Environment Temurin-21.0.10+7 (21.0.10+7) (build 21.0.10+7-LTS)
# Java VM: OpenJDK 64-Bit Server VM Temurin-21.0.10+7 (21.0.10+7-LTS, mixed mode, sharing, tiered, compressed oops, compressed class ptrs, parallel gc, windows-amd64)
GC Precious Log:
 CardTable entry size: 512
 CPUs: 8 total, 8 available
 Memory: 7971M
 Large Page Support: Disabled
 NUMA Support: Disabled
 Compressed Oops: Enabled (32-bit)
 Alignments: Space 512K, Generation 512K, Heap 2M
 Heap Min Capacity: 100M
 Heap Initial Capacity: 100M
 Heap Max Capacity: 2G
 Pre-touch: Disabled
 Parallel Workers: 8
Heap:
 PSYoungGen      total 3072K, used 746K [0x00000000d5580000, 0x00000000d5980000, 0x0000000100000000)
  eden space 2560K, 10% used [0x00000000d5580000,0x00000000d55c2a38,0x00000000d5800000)
  from space 512K, 93% used [0x00000000d5900000,0x00000000d5978000,0x00000000d5980000)
  to   space 512K, 0% used [0x00000000d5880000,0x00000000d5880000,0x00000000d5900000)
 ParOldGen       total 283136K, used 282882K [0x0000000080000000, 0x0000000091480000, 0x00000000d5580000)
  object space 283136K, 99% used [0x0000000080000000,0x0000000091440a78,0x0000000091480000)
 Metaspace       used 85853K, committed 87552K, reserved 1179648K
  class space    used 10220K, committed 11008K, reserved 1048576K
GC Heap History (20 events):
Event: 689.483 GC heap before
{Heap before GC invocations=778 (full 3):
 PSYoungGen      total 2560K, used 2193K [0x00000000d5580000, 0x00000000d5a00000, 0x0000000100000000)
  eden space 1024K, 99% used [0x00000000d5580000,0x00000000d567f008,0x00000000d5680000)
  from space 1536K, 76% used [0x00000000d5800000,0x00000000d5925578,0x00000000d5980000)
  to   space 1536K, 0% used [0x00000000d5680000,0x00000000d5680000,0x00000000d5800000)
 ParOldGen       total 274944K, used 274814K [0x0000000080000000, 0x0000000090c80000, 0x00000000d5580000)
  object space 274944K, 99% used [0x0000000080000000,0x0000000090c5f898,0x0000000090c80000)
 Metaspace       used 85806K, committed 87552K, reserved 1179648K
  class space    used 10216K, committed 11008K, reserved 1048576K
}
Event: 689.485 GC heap after
{Heap after GC invocations=778 (full 3):
 PSYoungGen      total 2560K, used 1132K [0x00000000d5580000, 0x00000000d5a00000, 0x0000000100000000)
  eden space 1024K, 0% used [0x00000000d5580000,0x00000000d5580000,0x00000000d5680000)
  from space 1536K, 73% used [0x00000000d5680000,0x00000000d579b280,0x00000000d5800000)
  to   space 1536K, 0% used [0x00000000d5880000,0x00000000d5880000,0x00000000d5a00000)
 ParOldGen       total 276480K, used 275825K [0x0000000080000000, 0x0000000090e00000, 0x00000000d5580000)
  object space 276480K, 99% used [0x0000000080000000,0x0000000090d5c5c8,0x0000000090e00000)
 Metaspace       used 85806K, committed 87552K, reserved 1179648K
  class space    used 10216K, committed 11008K, reserved 1048576K
}
Event: 689.489 GC heap before
{Heap before GC invocations=779 (full 3):
 PSYoungGen      total 2560K, used 2152K [0x00000000d5580000, 0x00000000d5a00000, 0x0000000100000000)
  eden space 1024K, 99% used [0x00000000d5580000,0x00000000d567f038,0x00000000d5680000)
  from space 1536K, 73% used [0x00000000d5680000,0x00000000d579b280,0x00000000d5800000)
  to   space 1536K, 0% used [0x00000000d5880000,0x00000000d5880000,0x00000000d5a00000)
 ParOldGen       total 276480K, used 275825K [0x0000000080000000, 0x0000000090e00000, 0x00000000d5580000)
  object space 276480K, 99% used [0x0000000080000000,0x0000000090d5c5c8,0x0000000090e00000)
 Metaspace       used 85806K, committed 87552K, reserved 1179648K
  class space    used 10216K, committed 11008K, reserved 1048576K
}
Event: 689.492 GC heap after
{Heap after GC invocations=779 (full 3):
 PSYoungGen      total 2560K, used 876K [0x00000000d5580000, 0x00000000d5980000, 0x0000000100000000)
  eden space 1536K, 0% used [0x00000000d5580000,0x00000000d5580000,0x00000000d5700000)
  from space 1024K, 85% used [0x00000000d5880000,0x00000000d595b248,0x00000000d5980000)
  to   space 1024K, 0% used [0x00000000d5780000,0x00000000d5780000,0x00000000d5880000)
 ParOldGen       total 276992K, used 276774K [0x0000000080000000, 0x0000000090e80000, 0x00000000d5580000)
  object space 276992K, 99% used [0x0000000080000000,0x0000000090e49838,0x0000000090e80000)
 Metaspace       used 85806K, committed 87552K, reserved 1179648K
  class space    used 10216K, committed 11008K, reserved 1048576K
}
Event: 689.501 GC heap before
{Heap before GC invocations=780 (full 3):
 PSYoungGen      total 2560K, used 2412K [0x00000000d5580000, 0x00000000d5980000, 0x0000000100000000)
  eden space 1536K, 100% used [0x00000000d5580000,0x00000000d5700000,0x00000000d5700000)
  from space 1024K, 85% used [0x00000000d5880000,0x00000000d595b248,0x00000000d5980000)
  to   space 1024K, 0% used [0x00000000d5780000,0x00000000d5780000,0x00000000d5880000)
 ParOldGen       total 276992K, used 276774K [0x0000000080000000, 0x0000000090e80000, 0x00000000d5580000)
  object space 276992K, 99% used [0x0000000080000000,0x0000000090e49838,0x0000000090e80000)
 Metaspace       used 85806K, committed 87552K, reserved 1179648K
  class space    used 10216K, committed 11008K, reserved 1048576K
}
Event: 689.504 GC heap after
{Heap after GC invocations=780 (full 3):
 PSYoungGen      total 3072K, used 1011K [0x00000000d5580000, 0x00000000d5b80000, 0x0000000100000000)
  eden space 2048K, 0% used [0x00000000d5580000,0x00000000d5580000,0x00000000d5780000)
  from space 1024K, 98% used [0x00000000d5780000,0x00000000d587cca8,0x00000000d5880000)
  to   space 2048K, 0% used [0x00000000d5980000,0x00000000d5980000,0x00000000d5b80000)
 ParOldGen       total 278016K, used 277546K [0x0000000080000000, 0x0000000090f80000, 0x00000000d5580000)
  object space 278016K, 99% used [0x0000000080000000,0x0000000090f0aa40,0x0000000090f80000)
 Metaspace       used 85806K, committed 87552K, reserved 1179648K
  class space    used 10216K, committed 11008K, reserved 1048576K
}
Event: 689.578 GC heap before
{Heap before GC invocations=781 (full 3):
 PSYoungGen      total 3072K, used 3059K [0x00000000d5580000, 0x00000000d5b80000, 0x0000000100000000)
  eden space 2048K, 100% used [0x00000000d5580000,0x00000000d5780000,0x00000000d5780000)
  from space 1024K, 98% used [0x00000000d5780000,0x00000000d587cca8,0x00000000d5880000)
  to   space 2048K, 0% used [0x00000000d5980000,0x00000000d5980000,0x00000000d5b80000)
 ParOldGen       total 278016K, used 277546K [0x0000000080000000, 0x0000000090f80000, 0x00000000d5580000)
  object space 278016K, 99% used [0x0000000080000000,0x0000000090f0aa40,0x0000000090f80000)
 Metaspace       used 85808K, committed 87552K, reserved 1179648K
  class space    used 10216K, committed 11008K, reserved 1048576K
}
Event: 689.581 GC heap after
{Heap after GC invocations=781 (full 3):
 PSYoungGen      total 4096K, used 1341K [0x00000000d5580000, 0x00000000d5b00000, 0x0000000100000000)
  eden space 2560K, 0% used [0x00000000d5580000,0x00000000d5580000,0x00000000d5800000)
  from space 1536K, 87% used [0x00000000d5980000,0x00000000d5acf4f0,0x00000000d5b00000)
  to   space 1536K, 0% used [0x00000000d5800000,0x00000000d5800000,0x00000000d5980000)
 ParOldGen       total 279040K, used 278553K [0x0000000080000000, 0x0000000091080000, 0x00000000d5580000)
  object space 279040K, 99% used [0x0000000080000000,0x0000000091006668,0x0000000091080000)
 Metaspace       used 85808K, committed 87552K, reserved 1179648K
  class space    used 10216K, committed 11008K, reserved 1048576K
}
Event: 689.598 GC heap before
{Heap before GC invocations=782 (full 3):
 PSYoungGen      total 4096K, used 3901K [0x00000000d5580000, 0x00000000d5b00000, 0x0000000100000000)
  eden space 2560K, 100% used [0x00000000d5580000,0x00000000d5800000,0x00000000d5800000)
  from space 1536K, 87% used [0x00000000d5980000,0x00000000d5acf4f0,0x00000000d5b00000)
  to   space 1536K, 0% used [0x00000000d5800000,0x00000000d5800000,0x00000000d5980000)
 ParOldGen       total 279040K, used 278553K [0x0000000080000000, 0x0000000091080000, 0x00000000d5580000)
  object space 279040K, 99% used [0x0000000080000000,0x0000000091006668,0x0000000091080000)
 Metaspace       used 85810K, committed 87552K, reserved 1179648K
  class space    used 10216K, committed 11008K, reserved 1048576K
}
Event: 689.601 GC heap after
{Heap after GC invocations=782 (full 3):
 PSYoungGen      total 4096K, used 1390K [0x00000000d5580000, 0x00000000d5b00000, 0x0000000100000000)
  eden space 2560K, 0% used [0x00000000d5580000,0x00000000d5580000,0x00000000d5800000)
  from space 1536K, 90% used [0x00000000d5800000,0x00000000d595bb30,0x00000000d5980000)
  to   space 1536K, 0% used [0x00000000d5980000,0x00000000d5980000,0x00000000d5b00000)
 ParOldGen       total 280064K, used 279800K [0x0000000080000000, 0x0000000091180000, 0x00000000d5580000)
  object space 280064K, 99% used [0x0000000080000000,0x000000009113e0f8,0x0000000091180000)
 Metaspace       used 85810K, committed 87552K, reserved 1179648K
  class space    used 10216K, committed 11008K, reserved 1048576K
}
Event: 689.618 GC heap before
{Heap before GC invocations=783 (full 3):
 PSYoungGen      total 4096K, used 3950K [0x00000000d5580000, 0x00000000d5b00000, 0x0000000100000000)
  eden space 2560K, 100% used [0x00000000d5580000,0x00000000d5800000,0x00000000d5800000)
  from space 1536K, 90% used [0x00000000d5800000,0x00000000d595bb30,0x00000000d5980000)
  to   space 1536K, 0% used [0x00000000d5980000,0x00000000d5980000,0x00000000d5b00000)
 ParOldGen       total 280064K, used 279800K [0x0000000080000000, 0x0000000091180000, 0x00000000d5580000)
  object space 280064K, 99% used [0x0000000080000000,0x000000009113e0f8,0x0000000091180000)
 Metaspace       used 85810K, committed 87552K, reserved 1179648K
  class space    used 10216K, committed 11008K, reserved 1048576K
}
Event: 689.621 GC heap after
{Heap after GC invocations=783 (full 3):
 PSYoungGen      total 4096K, used 832K [0x00000000d5580000, 0x00000000d5b00000, 0x0000000100000000)
  eden space 2560K, 0% used [0x00000000d5580000,0x00000000d5580000,0x00000000d5800000)
  from space 1536K, 54% used [0x00000000d5980000,0x00000000d5a50000,0x00000000d5b00000)
  to   space 1536K, 0% used [0x00000000d5800000,0x00000000d5800000,0x00000000d5980000)
 ParOldGen       total 281088K, used 280867K [0x0000000080000000, 0x0000000091280000, 0x00000000d5580000)
  object space 281088K, 99% used [0x0000000080000000,0x0000000091248eb0,0x0000000091280000)
 Metaspace       used 85810K, committed 87552K, reserved 1179648K
  class space    used 10216K, committed 11008K, reserved 1048576K
}
Event: 689.639 GC heap before
{Heap before GC invocations=784 (full 3):
 PSYoungGen      total 4096K, used 3392K [0x00000000d5580000, 0x00000000d5b00000, 0x0000000100000000)
  eden space 2560K, 100% used [0x00000000d5580000,0x00000000d5800000,0x00000000d5800000)
  from space 1536K, 54% used [0x00000000d5980000,0x00000000d5a50000,0x00000000d5b00000)
  to   space 1536K, 0% used [0x00000000d5800000,0x00000000d5800000,0x00000000d5980000)
 ParOldGen       total 281088K, used 280867K [0x0000000080000000, 0x0000000091280000, 0x00000000d5580000)
  object space 281088K, 99% used [0x0000000080000000,0x0000000091248eb0,0x0000000091280000)
 Metaspace       used 85818K, committed 87552K, reserved 1179648K
  class space    used 10218K, committed 11008K, reserved 1048576K
}
Event: 689.641 GC heap after
{Heap after GC invocations=784 (full 3):
 PSYoungGen      total 3584K, used 887K [0x00000000d5580000, 0x00000000d5a00000, 0x0000000100000000)
  eden space 2560K, 0% used [0x00000000d5580000,0x00000000d5580000,0x00000000d5800000)
  from space 1024K, 86% used [0x00000000d5800000,0x00000000d58dde00,0x00000000d5900000)
  to   space 1024K, 0% used [0x00000000d5900000,0x00000000d5900000,0x00000000d5a00000)
 ParOldGen       total 281600K, used 281571K [0x0000000080000000, 0x0000000091300000, 0x00000000d5580000)
  object space 281600K, 99% used [0x0000000080000000,0x00000000912f8eb0,0x0000000091300000)
 Metaspace       used 85818K, committed 87552K, reserved 1179648K
  class space    used 10218K, committed 11008K, reserved 1048576K
}
Event: 689.667 GC heap before
{Heap before GC invocations=785 (full 3):
 PSYoungGen      total 3584K, used 3447K [0x00000000d5580000, 0x00000000d5a00000, 0x0000000100000000)
  eden space 2560K, 100% used [0x00000000d5580000,0x00000000d5800000,0x00000000d5800000)
  from space 1024K, 86% used [0x00000000d5800000,0x00000000d58dde00,0x00000000d5900000)
  to   space 1024K, 0% used [0x00000000d5900000,0x00000000d5900000,0x00000000d5a00000)
 ParOldGen       total 281600K, used 281571K [0x0000000080000000, 0x0000000091300000, 0x00000000d5580000)
  object space 281600K, 99% used [0x0000000080000000,0x00000000912f8eb0,0x0000000091300000)
 Metaspace       used 85822K, committed 87552K, reserved 1179648K
  class space    used 10220K, committed 11008K, reserved 1048576K
}
Event: 689.670 GC heap after
{Heap after GC invocations=785 (full 3):
 PSYoungGen      total 3584K, used 608K [0x00000000d5580000, 0x00000000d5a00000, 0x0000000100000000)
  eden space 2560K, 0% used [0x00000000d5580000,0x00000000d5580000,0x00000000d5800000)
  from space 1024K, 59% used [0x00000000d5900000,0x00000000d5998000,0x00000000d5a00000)
  to   space 1024K, 0% used [0x00000000d5800000,0x00000000d5800000,0x00000000d5900000)
 ParOldGen       total 282112K, used 282084K [0x0000000080000000, 0x0000000091380000, 0x00000000d5580000)
  object space 282112K, 99% used [0x0000000080000000,0x00000000913793f0,0x0000000091380000)
 Metaspace       used 85822K, committed 87552K, reserved 1179648K
  class space    used 10220K, committed 11008K, reserved 1048576K
}
Event: 689.697 GC heap before
{Heap before GC invocations=786 (full 3):
 PSYoungGen      total 3584K, used 3168K [0x00000000d5580000, 0x00000000d5a00000, 0x0000000100000000)
  eden space 2560K, 100% used [0x00000000d5580000,0x00000000d5800000,0x00000000d5800000)
  from space 1024K, 59% used [0x00000000d5900000,0x00000000d5998000,0x00000000d5a00000)
  to   space 1024K, 0% used [0x00000000d5800000,0x00000000d5800000,0x00000000d5900000)
 ParOldGen       total 282112K, used 282084K [0x0000000080000000, 0x0000000091380000, 0x00000000d5580000)
  object space 282112K, 99% used [0x0000000080000000,0x00000000913793f0,0x0000000091380000)
 Metaspace       used 85825K, committed 87552K, reserved 1179648K
  class space    used 10220K, committed 11008K, reserved 1048576K
}
Event: 689.699 GC heap after
{Heap after GC invocations=786 (full 3):
 PSYoungGen      total 3584K, used 512K [0x00000000d5580000, 0x00000000d5a00000, 0x0000000100000000)
  eden space 2560K, 0% used [0x00000000d5580000,0x00000000d5580000,0x00000000d5800000)
  from space 1024K, 50% used [0x00000000d5800000,0x00000000d5880000,0x00000000d5900000)
  to   space 1024K, 0% used [0x00000000d5900000,0x00000000d5900000,0x00000000d5a00000)
 ParOldGen       total 282624K, used 282530K [0x0000000080000000, 0x0000000091400000, 0x00000000d5580000)
  object space 282624K, 99% used [0x0000000080000000,0x00000000913e8a78,0x0000000091400000)
 Metaspace       used 85825K, committed 87552K, reserved 1179648K
  class space    used 10220K, committed 11008K, reserved 1048576K
}
Event: 989.388 GC heap before
{Heap before GC invocations=787 (full 3):
 PSYoungGen      total 3584K, used 3071K [0x00000000d5580000, 0x00000000d5a00000, 0x0000000100000000)
  eden space 2560K, 99% used [0x00000000d5580000,0x00000000d57fff78,0x00000000d5800000)
  from space 1024K, 50% used [0x00000000d5800000,0x00000000d5880000,0x00000000d5900000)
  to   space 1024K, 0% used [0x00000000d5900000,0x00000000d5900000,0x00000000d5a00000)
 ParOldGen       total 282624K, used 282530K [0x0000000080000000, 0x0000000091400000, 0x00000000d5580000)
  object space 282624K, 99% used [0x0000000080000000,0x00000000913e8a78,0x0000000091400000)
 Metaspace       used 85845K, committed 87552K, reserved 1179648K
  class space    used 10220K, committed 11008K, reserved 1048576K
}
Event: 989.395 GC heap after
{Heap after GC invocations=787 (full 3):
 PSYoungGen      total 3072K, used 480K [0x00000000d5580000, 0x00000000d5980000, 0x0000000100000000)
  eden space 2560K, 0% used [0x00000000d5580000,0x00000000d5580000,0x00000000d5800000)
  from space 512K, 93% used [0x00000000d5900000,0x00000000d5978000,0x00000000d5980000)
  to   space 512K, 0% used [0x00000000d5880000,0x00000000d5880000,0x00000000d5900000)
 ParOldGen       total 283136K, used 282882K [0x0000000080000000, 0x0000000091480000, 0x00000000d5580000)
  object space 283136K, 99% used [0x0000000080000000,0x0000000091440a78,0x0000000091480000)
 Metaspace       used 85845K, committed 87552K, reserved 1179648K
  class space    used 10220K, committed 11008K, reserved 1048576K
}

