# JRE version: OpenJDK Runtime Environment Temurin-21.0.9+10 (21.0.9+10) (build 21.0.9+10-LTS)
# Java VM: OpenJDK 64-Bit Server VM Temurin-21.0.9+10 (21.0.9+10-LTS, mixed mode, sharing, tiered, compressed oops, compressed class ptrs, parallel gc, windows-amd64)
GC Precious Log:
 CardTable entry size: 512
 CPUs: 8 total, 8 available
 Memory: 7971M
 Large Page Support: Disabled
 NUMA Support: Disabled
 Compressed Oops: Enabled (32-bit)
 Alignments: Space 512K, Generation 512K, Heap 2M
 Heap Min Capacity: 100M
 Heap Initial Capacity: 100M
 Heap Max Capacity: 2G
 Pre-touch: Disabled
 Parallel Workers: 8
Heap:
 PSYoungGen      total 24576K, used 21115K [0x00000000d5580000, 0x00000000d7000000, 0x0000000100000000)
  eden space 22016K, 85% used [0x00000000d5580000,0x00000000d67f6f68,0x00000000d6b00000)
  from space 2560K, 86% used [0x00000000d6c80000,0x00000000d6ea8010,0x00000000d6f00000)
  to   space 1024K, 0% used [0x00000000d6f00000,0x00000000d6f00000,0x00000000d7000000)
 ParOldGen       total 68608K, used 54884K [0x0000000080000000, 0x0000000084300000, 0x00000000d5580000)
  object space 68608K, 79% used [0x0000000080000000,0x00000000835990a0,0x0000000084300000)
 Metaspace       used 56885K, committed 58240K, reserved 1114112K
  class space    used 6668K, committed 7232K, reserved 1048576K
GC Heap History (20 events):
Event: 17.783 GC heap before
{Heap before GC invocations=24 (full 2):
 PSYoungGen      total 26112K, used 26091K [0x00000000d5580000, 0x00000000d8000000, 0x0000000100000000)
  eden space 22016K, 100% used [0x00000000d5580000,0x00000000d6b00000,0x00000000d6b00000)
  from space 4096K, 99% used [0x00000000d6e00000,0x00000000d71fae80,0x00000000d7200000)
  to   space 10752K, 0% used [0x00000000d7580000,0x00000000d7580000,0x00000000d8000000)
 ParOldGen       total 68608K, used 35924K [0x0000000080000000, 0x0000000084300000, 0x00000000d5580000)
  object space 68608K, 52% used [0x0000000080000000,0x00000000823152c8,0x0000000084300000)
 Metaspace       used 50493K, committed 51712K, reserved 1114112K
  class space    used 5728K, committed 6272K, reserved 1048576K
}
Event: 17.789 GC heap after
{Heap after GC invocations=24 (full 2):
 PSYoungGen      total 23040K, used 800K [0x00000000d5580000, 0x00000000d7680000, 0x0000000100000000)
  eden space 22016K, 0% used [0x00000000d5580000,0x00000000d5580000,0x00000000d6b00000)
  from space 1024K, 78% used [0x00000000d7580000,0x00000000d7648000,0x00000000d7680000)
  to   space 4096K, 0% used [0x00000000d6e80000,0x00000000d6e80000,0x00000000d7280000)
 ParOldGen       total 68608K, used 39974K [0x0000000080000000, 0x0000000084300000, 0x00000000d5580000)
  object space 68608K, 58% used [0x0000000080000000,0x0000000082709918,0x0000000084300000)
 Metaspace       used 50493K, committed 51712K, reserved 1114112K
  class space    used 5728K, committed 6272K, reserved 1048576K
}
Event: 18.382 GC heap before
{Heap before GC invocations=25 (full 2):
 PSYoungGen      total 23040K, used 22816K [0x00000000d5580000, 0x00000000d7680000, 0x0000000100000000)
  eden space 22016K, 100% used [0x00000000d5580000,0x00000000d6b00000,0x00000000d6b00000)
  from space 1024K, 78% used [0x00000000d7580000,0x00000000d7648000,0x00000000d7680000)
  to   space 4096K, 0% used [0x00000000d6e80000,0x00000000d6e80000,0x00000000d7280000)
 ParOldGen       total 68608K, used 39974K [0x0000000080000000, 0x0000000084300000, 0x00000000d5580000)
  object space 68608K, 58% used [0x0000000080000000,0x0000000082709918,0x0000000084300000)
 Metaspace       used 50524K, committed 51776K, reserved 1114112K
  class space    used 5729K, committed 6272K, reserved 1048576K
}
Event: 18.386 GC heap after
{Heap after GC invocations=25 (full 2):
 PSYoungGen      total 26112K, used 4041K [0x00000000d5580000, 0x00000000d7600000, 0x0000000100000000)
  eden space 22016K, 0% used [0x00000000d5580000,0x00000000d5580000,0x00000000d6b00000)
  from space 4096K, 98% used [0x00000000d6e80000,0x00000000d7272588,0x00000000d7280000)
  to   space 3584K, 0% used [0x00000000d7280000,0x00000000d7280000,0x00000000d7600000)
 ParOldGen       total 68608K, used 40631K [0x0000000080000000, 0x0000000084300000, 0x00000000d5580000)
  object space 68608K, 59% used [0x0000000080000000,0x00000000827adcc8,0x0000000084300000)
 Metaspace       used 50524K, committed 51776K, reserved 1114112K
  class space    used 5729K, committed 6272K, reserved 1048576K
}
Event: 18.944 GC heap before
{Heap before GC invocations=26 (full 2):
 PSYoungGen      total 26112K, used 26057K [0x00000000d5580000, 0x00000000d7600000, 0x0000000100000000)
  eden space 22016K, 100% used [0x00000000d5580000,0x00000000d6b00000,0x00000000d6b00000)
  from space 4096K, 98% used [0x00000000d6e80000,0x00000000d7272588,0x00000000d7280000)
  to   space 3584K, 0% used [0x00000000d7280000,0x00000000d7280000,0x00000000d7600000)
 ParOldGen       total 68608K, used 40631K [0x0000000080000000, 0x0000000084300000, 0x00000000d5580000)
  object space 68608K, 59% used [0x0000000080000000,0x00000000827adcc8,0x0000000084300000)
 Metaspace       used 52221K, committed 53504K, reserved 1114112K
  class space    used 6043K, committed 6592K, reserved 1048576K
}
Event: 18.957 GC heap after
{Heap after GC invocations=26 (full 2):
 PSYoungGen      total 23040K, used 976K [0x00000000d5580000, 0x00000000d7380000, 0x0000000100000000)
  eden space 22016K, 0% used [0x00000000d5580000,0x00000000d5580000,0x00000000d6b00000)
  from space 1024K, 95% used [0x00000000d7280000,0x00000000d7374020,0x00000000d7380000)
  to   space 2560K, 0% used [0x00000000d6e80000,0x00000000d6e80000,0x00000000d7100000)
 ParOldGen       total 68608K, used 44536K [0x0000000080000000, 0x0000000084300000, 0x00000000d5580000)
  object space 68608K, 64% used [0x0000000080000000,0x0000000082b7e308,0x0000000084300000)
 Metaspace       used 52221K, committed 53504K, reserved 1114112K
  class space    used 6043K, committed 6592K, reserved 1048576K
}
Event: 20.324 GC heap before
{Heap before GC invocations=27 (full 2):
 PSYoungGen      total 23040K, used 22992K [0x00000000d5580000, 0x00000000d7380000, 0x0000000100000000)
  eden space 22016K, 100% used [0x00000000d5580000,0x00000000d6b00000,0x00000000d6b00000)
  from space 1024K, 95% used [0x00000000d7280000,0x00000000d7374020,0x00000000d7380000)
  to   space 2560K, 0% used [0x00000000d6e80000,0x00000000d6e80000,0x00000000d7100000)
 ParOldGen       total 68608K, used 44536K [0x0000000080000000, 0x0000000084300000, 0x00000000d5580000)
  object space 68608K, 64% used [0x0000000080000000,0x0000000082b7e308,0x0000000084300000)
 Metaspace       used 54836K, committed 56064K, reserved 1114112K
  class space    used 6447K, committed 6976K, reserved 1048576K
}
Event: 20.327 GC heap after
{Heap after GC invocations=27 (full 2):
 PSYoungGen      total 24576K, used 672K [0x00000000d5580000, 0x00000000d7300000, 0x0000000100000000)
  eden space 22016K, 0% used [0x00000000d5580000,0x00000000d5580000,0x00000000d6b00000)
  from space 2560K, 26% used [0x00000000d6e80000,0x00000000d6f28000,0x00000000d7100000)
  to   space 1024K, 0% used [0x00000000d7200000,0x00000000d7200000,0x00000000d7300000)
 ParOldGen       total 68608K, used 45360K [0x0000000080000000, 0x0000000084300000, 0x00000000d5580000)
  object space 68608K, 66% used [0x0000000080000000,0x0000000082c4c348,0x0000000084300000)
 Metaspace       used 54836K, committed 56064K, reserved 1114112K
  class space    used 6447K, committed 6976K, reserved 1048576K
}
Event: 21.539 GC heap before
{Heap before GC invocations=28 (full 2):
 PSYoungGen      total 24576K, used 22688K [0x00000000d5580000, 0x00000000d7300000, 0x0000000100000000)
  eden space 22016K, 100% used [0x00000000d5580000,0x00000000d6b00000,0x00000000d6b00000)
  from space 2560K, 26% used [0x00000000d6e80000,0x00000000d6f28000,0x00000000d7100000)
  to   space 1024K, 0% used [0x00000000d7200000,0x00000000d7200000,0x00000000d7300000)
 ParOldGen       total 68608K, used 45360K [0x0000000080000000, 0x0000000084300000, 0x00000000d5580000)
  object space 68608K, 66% used [0x0000000080000000,0x0000000082c4c348,0x0000000084300000)
 Metaspace       used 56318K, committed 57728K, reserved 1114112K
  class space    used 6598K, committed 7168K, reserved 1048576K
}
Event: 21.543 GC heap after
{Heap after GC invocations=28 (full 2):
 PSYoungGen      total 23040K, used 852K [0x00000000d5580000, 0x00000000d7300000, 0x0000000100000000)
  eden space 22016K, 0% used [0x00000000d5580000,0x00000000d5580000,0x00000000d6b00000)
  from space 1024K, 83% used [0x00000000d7200000,0x00000000d72d5378,0x00000000d7300000)
  to   space 1024K, 0% used [0x00000000d7100000,0x00000000d7100000,0x00000000d7200000)
 ParOldGen       total 68608K, used 45880K [0x0000000080000000, 0x0000000084300000, 0x00000000d5580000)
  object space 68608K, 66% used [0x0000000080000000,0x0000000082cce058,0x0000000084300000)
 Metaspace       used 56318K, committed 57728K, reserved 1114112K
  class space    used 6598K, committed 7168K, reserved 1048576K
}
Event: 21.715 GC heap before
{Heap before GC invocations=29 (full 2):
 PSYoungGen      total 23040K, used 22868K [0x00000000d5580000, 0x00000000d7300000, 0x0000000100000000)
  eden space 22016K, 100% used [0x00000000d5580000,0x00000000d6b00000,0x00000000d6b00000)
  from space 1024K, 83% used [0x00000000d7200000,0x00000000d72d5378,0x00000000d7300000)
  to   space 1024K, 0% used [0x00000000d7100000,0x00000000d7100000,0x00000000d7200000)
 ParOldGen       total 68608K, used 45880K [0x0000000080000000, 0x0000000084300000, 0x00000000d5580000)
  object space 68608K, 66% used [0x0000000080000000,0x0000000082cce058,0x0000000084300000)
 Metaspace       used 56437K, committed 57856K, reserved 1114112K
  class space    used 6606K, committed 7232K, reserved 1048576K
}
Event: 21.719 GC heap after
{Heap after GC invocations=29 (full 2):
 PSYoungGen      total 23040K, used 992K [0x00000000d5580000, 0x00000000d7280000, 0x0000000100000000)
  eden space 22016K, 0% used [0x00000000d5580000,0x00000000d5580000,0x00000000d6b00000)
  from space 1024K, 96% used [0x00000000d7100000,0x00000000d71f8010,0x00000000d7200000)
  to   space 512K, 0% used [0x00000000d7200000,0x00000000d7200000,0x00000000d7280000)
 ParOldGen       total 68608K, used 47583K [0x0000000080000000, 0x0000000084300000, 0x00000000d5580000)
  object space 68608K, 69% used [0x0000000080000000,0x0000000082e77ca0,0x0000000084300000)
 Metaspace       used 56437K, committed 57856K, reserved 1114112K
  class space    used 6606K, committed 7232K, reserved 1048576K
}
Event: 21.935 GC heap before
{Heap before GC invocations=30 (full 2):
 PSYoungGen      total 23040K, used 23008K [0x00000000d5580000, 0x00000000d7280000, 0x0000000100000000)
  eden space 22016K, 100% used [0x00000000d5580000,0x00000000d6b00000,0x00000000d6b00000)
  from space 1024K, 96% used [0x00000000d7100000,0x00000000d71f8010,0x00000000d7200000)
  to   space 512K, 0% used [0x00000000d7200000,0x00000000d7200000,0x00000000d7280000)
 ParOldGen       total 68608K, used 47583K [0x0000000080000000, 0x0000000084300000, 0x00000000d5580000)
  object space 68608K, 69% used [0x0000000080000000,0x0000000082e77ca0,0x0000000084300000)
 Metaspace       used 56832K, committed 58176K, reserved 1114112K
  class space    used 6668K, committed 7232K, reserved 1048576K
}
Event: 21.941 GC heap after
{Heap after GC invocations=30 (full 2):
 PSYoungGen      total 22528K, used 482K [0x00000000d5580000, 0x00000000d7280000, 0x0000000100000000)
  eden space 22016K, 0% used [0x00000000d5580000,0x00000000d5580000,0x00000000d6b00000)
  from space 512K, 94% used [0x00000000d7200000,0x00000000d7278800,0x00000000d7280000)
  to   space 3584K, 0% used [0x00000000d6b80000,0x00000000d6b80000,0x00000000d6f00000)
 ParOldGen       total 68608K, used 50203K [0x0000000080000000, 0x0000000084300000, 0x00000000d5580000)
  object space 68608K, 73% used [0x0000000080000000,0x0000000083106de0,0x0000000084300000)
 Metaspace       used 56832K, committed 58176K, reserved 1114112K
  class space    used 6668K, committed 7232K, reserved 1048576K
}
Event: 22.093 GC heap before
{Heap before GC invocations=31 (full 2):
 PSYoungGen      total 22528K, used 22498K [0x00000000d5580000, 0x00000000d7280000, 0x0000000100000000)
  eden space 22016K, 100% used [0x00000000d5580000,0x00000000d6b00000,0x00000000d6b00000)
  from space 512K, 94% used [0x00000000d7200000,0x00000000d7278800,0x00000000d7280000)
  to   space 3584K, 0% used [0x00000000d6b80000,0x00000000d6b80000,0x00000000d6f00000)
 ParOldGen       total 68608K, used 50203K [0x0000000080000000, 0x0000000084300000, 0x00000000d5580000)
  object space 68608K, 73% used [0x0000000080000000,0x0000000083106de0,0x0000000084300000)
 Metaspace       used 56840K, committed 58176K, reserved 1114112K
  class space    used 6668K, committed 7232K, reserved 1048576K
}
Event: 22.097 GC heap after
{Heap after GC invocations=31 (full 2):
 PSYoungGen      total 25600K, used 2336K [0x00000000d5580000, 0x00000000d7280000, 0x0000000100000000)
  eden space 22016K, 0% used [0x00000000d5580000,0x00000000d5580000,0x00000000d6b00000)
  from space 3584K, 65% used [0x00000000d6b80000,0x00000000d6dc8010,0x00000000d6f00000)
  to   space 3072K, 0% used [0x00000000d6f80000,0x00000000d6f80000,0x00000000d7280000)
 ParOldGen       total 68608K, used 50717K [0x0000000080000000, 0x0000000084300000, 0x00000000d5580000)
  object space 68608K, 73% used [0x0000000080000000,0x00000000831875e0,0x0000000084300000)
 Metaspace       used 56840K, committed 58176K, reserved 1114112K
  class space    used 6668K, committed 7232K, reserved 1048576K
}
Event: 22.383 GC heap before
{Heap before GC invocations=32 (full 2):
 PSYoungGen      total 25600K, used 24352K [0x00000000d5580000, 0x00000000d7280000, 0x0000000100000000)
  eden space 22016K, 100% used [0x00000000d5580000,0x00000000d6b00000,0x00000000d6b00000)
  from space 3584K, 65% used [0x00000000d6b80000,0x00000000d6dc8010,0x00000000d6f00000)
  to   space 3072K, 0% used [0x00000000d6f80000,0x00000000d6f80000,0x00000000d7280000)
 ParOldGen       total 68608K, used 50717K [0x0000000080000000, 0x0000000084300000, 0x00000000d5580000)
  object space 68608K, 73% used [0x0000000080000000,0x00000000831875e0,0x0000000084300000)
 Metaspace       used 56847K, committed 58176K, reserved 1114112K
  class space    used 6668K, committed 7232K, reserved 1048576K
}
Event: 22.388 GC heap after
{Heap after GC invocations=32 (full 2):
 PSYoungGen      total 24064K, used 2020K [0x00000000d5580000, 0x00000000d7180000, 0x0000000100000000)
  eden space 22016K, 0% used [0x00000000d5580000,0x00000000d5580000,0x00000000d6b00000)
  from space 2048K, 98% used [0x00000000d6f80000,0x00000000d7179000,0x00000000d7180000)
  to   space 2560K, 0% used [0x00000000d6c80000,0x00000000d6c80000,0x00000000d6f00000)
 ParOldGen       total 68608K, used 52955K [0x0000000080000000, 0x0000000084300000, 0x00000000d5580000)
  object space 68608K, 77% used [0x0000000080000000,0x00000000833b6fa0,0x0000000084300000)
 Metaspace       used 56847K, committed 58176K, reserved 1114112K
  class space    used 6668K, committed 7232K, reserved 1048576K
}
Event: 22.611 GC heap before
{Heap before GC invocations=33 (full 2):
 PSYoungGen      total 24064K, used 24036K [0x00000000d5580000, 0x00000000d7180000, 0x0000000100000000)
  eden space 22016K, 100% used [0x00000000d5580000,0x00000000d6b00000,0x00000000d6b00000)
  from space 2048K, 98% used [0x00000000d6f80000,0x00000000d7179000,0x00000000d7180000)
  to   space 2560K, 0% used [0x00000000d6c80000,0x00000000d6c80000,0x00000000d6f00000)
 ParOldGen       total 68608K, used 52955K [0x0000000080000000, 0x0000000084300000, 0x00000000d5580000)
  object space 68608K, 77% used [0x0000000080000000,0x00000000833b6fa0,0x0000000084300000)
 Metaspace       used 56854K, committed 58240K, reserved 1114112K
  class space    used 6668K, committed 7232K, reserved 1048576K
}
Event: 22.618 GC heap after
{Heap after GC invocations=33 (full 2):
 PSYoungGen      total 24576K, used 2208K [0x00000000d5580000, 0x00000000d7000000, 0x0000000100000000)
  eden space 22016K, 0% used [0x00000000d5580000,0x00000000d5580000,0x00000000d6b00000)
  from space 2560K, 86% used [0x00000000d6c80000,0x00000000d6ea8010,0x00000000d6f00000)
  to   space 1024K, 0% used [0x00000000d6f00000,0x00000000d6f00000,0x00000000d7000000)
 ParOldGen       total 68608K, used 54884K [0x0000000080000000, 0x0000000084300000, 0x00000000d5580000)
  object space 68608K, 79% used [0x0000000080000000,0x00000000835990a0,0x0000000084300000)
 Metaspace       used 56854K, committed 58240K, reserved 1114112K
  class space    used 6668K, committed 7232K, reserved 1048576K
}

