# JRE version: OpenJDK Runtime Environment Temurin-21.0.10+7 (21.0.10+7) (build 21.0.10+7-LTS)
# Java VM: OpenJDK 64-Bit Server VM Temurin-21.0.10+7 (21.0.10+7-LTS, mixed mode, sharing, tiered, compressed oops, compressed class ptrs, parallel gc, windows-amd64)
GC Precious Log:
 CardTable entry size: 512
 CPUs: 8 total, 8 available
 Memory: 7971M
 Large Page Support: Disabled
 NUMA Support: Disabled
 Compressed Oops: Enabled (32-bit)
 Alignments: Space 512K, Generation 512K, Heap 2M
 Heap Min Capacity: 100M
 Heap Initial Capacity: 100M
 Heap Max Capacity: 2G
 Pre-touch: Disabled
 Parallel Workers: 8
Heap:
 PSYoungGen      total 13312K, used 11064K [0x00000000d5580000, 0x00000000d6a80000, 0x0000000100000000)
  eden space 12288K, 84% used [0x00000000d5580000,0x00000000d5fae150,0x00000000d6180000)
  from space 1024K, 62% used [0x00000000d6980000,0x00000000d6a20020,0x00000000d6a80000)
  to   space 2048K, 0% used [0x00000000d6680000,0x00000000d6680000,0x00000000d6880000)
 ParOldGen       total 68608K, used 53849K [0x0000000080000000, 0x0000000084300000, 0x00000000d5580000)
  object space 68608K, 78% used [0x0000000080000000,0x0000000083496768,0x0000000084300000)
 Metaspace       used 52404K, committed 53568K, reserved 1114112K
  class space    used 6084K, committed 6592K, reserved 1048576K
GC Heap History (20 events):
Event: 14.256 GC heap before
{Heap before GC invocations=19 (full 2):
 PSYoungGen      total 23040K, used 22880K [0x00000000d5580000, 0x00000000d7100000, 0x0000000100000000)
  eden space 22016K, 100% used [0x00000000d5580000,0x00000000d6b00000,0x00000000d6b00000)
  from space 1024K, 84% used [0x00000000d7000000,0x00000000d70d8000,0x00000000d7100000)
  to   space 1536K, 0% used [0x00000000d6e00000,0x00000000d6e00000,0x00000000d6f80000)
 ParOldGen       total 68608K, used 22565K [0x0000000080000000, 0x0000000084300000, 0x00000000d5580000)
  object space 68608K, 32% used [0x0000000080000000,0x00000000816094a8,0x0000000084300000)
 Metaspace       used 43260K, committed 44416K, reserved 1114112K
  class space    used 4762K, committed 5248K, reserved 1048576K
}
Event: 14.260 GC heap after
{Heap after GC invocations=19 (full 2):
 PSYoungGen      total 23552K, used 1408K [0x00000000d5580000, 0x00000000d7080000, 0x0000000100000000)
  eden space 22016K, 0% used [0x00000000d5580000,0x00000000d5580000,0x00000000d6b00000)
  from space 1536K, 91% used [0x00000000d6e00000,0x00000000d6f60000,0x00000000d6f80000)
  to   space 1024K, 0% used [0x00000000d6f80000,0x00000000d6f80000,0x00000000d7080000)
 ParOldGen       total 68608K, used 23229K [0x0000000080000000, 0x0000000084300000, 0x00000000d5580000)
  object space 68608K, 33% used [0x0000000080000000,0x00000000816af4b8,0x0000000084300000)
 Metaspace       used 43260K, committed 44416K, reserved 1114112K
  class space    used 4762K, committed 5248K, reserved 1048576K
}
Event: 14.832 GC heap before
{Heap before GC invocations=20 (full 2):
 PSYoungGen      total 23552K, used 23424K [0x00000000d5580000, 0x00000000d7080000, 0x0000000100000000)
  eden space 22016K, 100% used [0x00000000d5580000,0x00000000d6b00000,0x00000000d6b00000)
  from space 1536K, 91% used [0x00000000d6e00000,0x00000000d6f60000,0x00000000d6f80000)
  to   space 1024K, 0% used [0x00000000d6f80000,0x00000000d6f80000,0x00000000d7080000)
 ParOldGen       total 68608K, used 23229K [0x0000000080000000, 0x0000000084300000, 0x00000000d5580000)
  object space 68608K, 33% used [0x0000000080000000,0x00000000816af4b8,0x0000000084300000)
 Metaspace       used 44697K, committed 45888K, reserved 1114112K
  class space    used 4975K, committed 5504K, reserved 1048576K
}
Event: 14.837 GC heap after
{Heap after GC invocations=20 (full 2):
 PSYoungGen      total 16384K, used 994K [0x00000000d5580000, 0x00000000d8100000, 0x0000000100000000)
  eden space 15360K, 0% used [0x00000000d5580000,0x00000000d5580000,0x00000000d6480000)
  from space 1024K, 97% used [0x00000000d6f80000,0x00000000d70788a8,0x00000000d7080000)
  to   space 11264K, 0% used [0x00000000d6480000,0x00000000d6480000,0x00000000d6f80000)
 ParOldGen       total 68608K, used 31879K [0x0000000080000000, 0x0000000084300000, 0x00000000d5580000)
  object space 68608K, 46% used [0x0000000080000000,0x0000000081f21f38,0x0000000084300000)
 Metaspace       used 44697K, committed 45888K, reserved 1114112K
  class space    used 4975K, committed 5504K, reserved 1048576K
}
Event: 15.142 GC heap before
{Heap before GC invocations=21 (full 2):
 PSYoungGen      total 16384K, used 16354K [0x00000000d5580000, 0x00000000d8100000, 0x0000000100000000)
  eden space 15360K, 100% used [0x00000000d5580000,0x00000000d6480000,0x00000000d6480000)
  from space 1024K, 97% used [0x00000000d6f80000,0x00000000d70788a8,0x00000000d7080000)
  to   space 11264K, 0% used [0x00000000d6480000,0x00000000d6480000,0x00000000d6f80000)
 ParOldGen       total 68608K, used 31880K [0x0000000080000000, 0x0000000084300000, 0x00000000d5580000)
  object space 68608K, 46% used [0x0000000080000000,0x0000000081f22098,0x0000000084300000)
 Metaspace       used 46371K, committed 47616K, reserved 1114112K
  class space    used 5238K, committed 5760K, reserved 1048576K
}
Event: 15.144 GC heap after
{Heap after GC invocations=21 (full 2):
 PSYoungGen      total 16384K, used 704K [0x00000000d5580000, 0x00000000d7300000, 0x0000000100000000)
  eden space 15360K, 0% used [0x00000000d5580000,0x00000000d5580000,0x00000000d6480000)
  from space 1024K, 68% used [0x00000000d6480000,0x00000000d6530000,0x00000000d6580000)
  to   space 4096K, 0% used [0x00000000d6f00000,0x00000000d6f00000,0x00000000d7300000)
 ParOldGen       total 68608K, used 32837K [0x0000000080000000, 0x0000000084300000, 0x00000000d5580000)
  object space 68608K, 47% used [0x0000000080000000,0x0000000082011600,0x0000000084300000)
 Metaspace       used 46371K, committed 47616K, reserved 1114112K
  class space    used 5238K, committed 5760K, reserved 1048576K
}
Event: 15.547 GC heap before
{Heap before GC invocations=22 (full 2):
 PSYoungGen      total 16384K, used 16064K [0x00000000d5580000, 0x00000000d7300000, 0x0000000100000000)
  eden space 15360K, 100% used [0x00000000d5580000,0x00000000d6480000,0x00000000d6480000)
  from space 1024K, 68% used [0x00000000d6480000,0x00000000d6530000,0x00000000d6580000)
  to   space 4096K, 0% used [0x00000000d6f00000,0x00000000d6f00000,0x00000000d7300000)
 ParOldGen       total 68608K, used 32840K [0x0000000080000000, 0x0000000084300000, 0x00000000d5580000)
  object space 68608K, 47% used [0x0000000080000000,0x0000000082012010,0x0000000084300000)
 Metaspace       used 47706K, committed 48960K, reserved 1114112K
  class space    used 5437K, committed 5952K, reserved 1048576K
}
Event: 15.551 GC heap after
{Heap after GC invocations=22 (full 2):
 PSYoungGen      total 16896K, used 1099K [0x00000000d5580000, 0x00000000d7080000, 0x0000000100000000)
  eden space 15360K, 0% used [0x00000000d5580000,0x00000000d5580000,0x00000000d6480000)
  from space 1536K, 71% used [0x00000000d6f00000,0x00000000d7012ea0,0x00000000d7080000)
  to   space 1536K, 0% used [0x00000000d6d80000,0x00000000d6d80000,0x00000000d6f00000)
 ParOldGen       total 68608K, used 33424K [0x0000000080000000, 0x0000000084300000, 0x00000000d5580000)
  object space 68608K, 48% used [0x0000000080000000,0x00000000820a4010,0x0000000084300000)
 Metaspace       used 47706K, committed 48960K, reserved 1114112K
  class space    used 5437K, committed 5952K, reserved 1048576K
}
Event: 16.266 GC heap before
{Heap before GC invocations=23 (full 2):
 PSYoungGen      total 16896K, used 16459K [0x00000000d5580000, 0x00000000d7080000, 0x0000000100000000)
  eden space 15360K, 100% used [0x00000000d5580000,0x00000000d6480000,0x00000000d6480000)
  from space 1536K, 71% used [0x00000000d6f00000,0x00000000d7012ea0,0x00000000d7080000)
  to   space 1536K, 0% used [0x00000000d6d80000,0x00000000d6d80000,0x00000000d6f00000)
 ParOldGen       total 68608K, used 33424K [0x0000000080000000, 0x0000000084300000, 0x00000000d5580000)
  object space 68608K, 48% used [0x0000000080000000,0x00000000820a4010,0x0000000084300000)
 Metaspace       used 48603K, committed 49856K, reserved 1114112K
  class space    used 5548K, committed 6080K, reserved 1048576K
}
Event: 16.268 GC heap after
{Heap after GC invocations=23 (full 2):
 PSYoungGen      total 16384K, used 736K [0x00000000d5580000, 0x00000000d6f80000, 0x0000000100000000)
  eden space 15360K, 0% used [0x00000000d5580000,0x00000000d5580000,0x00000000d6480000)
  from space 1024K, 71% used [0x00000000d6d80000,0x00000000d6e38000,0x00000000d6e80000)
  to   space 1024K, 0% used [0x00000000d6e80000,0x00000000d6e80000,0x00000000d6f80000)
 ParOldGen       total 68608K, used 34264K [0x0000000080000000, 0x0000000084300000, 0x00000000d5580000)
  object space 68608K, 49% used [0x0000000080000000,0x00000000821760b8,0x0000000084300000)
 Metaspace       used 48603K, committed 49856K, reserved 1114112K
  class space    used 5548K, committed 6080K, reserved 1048576K
}
Event: 16.724 GC heap before
{Heap before GC invocations=24 (full 2):
 PSYoungGen      total 16384K, used 16096K [0x00000000d5580000, 0x00000000d6f80000, 0x0000000100000000)
  eden space 15360K, 100% used [0x00000000d5580000,0x00000000d6480000,0x00000000d6480000)
  from space 1024K, 71% used [0x00000000d6d80000,0x00000000d6e38000,0x00000000d6e80000)
  to   space 1024K, 0% used [0x00000000d6e80000,0x00000000d6e80000,0x00000000d6f80000)
 ParOldGen       total 68608K, used 34264K [0x0000000080000000, 0x0000000084300000, 0x00000000d5580000)
  object space 68608K, 49% used [0x0000000080000000,0x00000000821760d0,0x0000000084300000)
 Metaspace       used 49110K, committed 50304K, reserved 1114112K
  class space    used 5591K, committed 6080K, reserved 1048576K
}
Event: 16.726 GC heap after
{Heap after GC invocations=24 (full 2):
 PSYoungGen      total 16384K, used 864K [0x00000000d5580000, 0x00000000d6f80000, 0x0000000100000000)
  eden space 15360K, 0% used [0x00000000d5580000,0x00000000d5580000,0x00000000d6480000)
  from space 1024K, 84% used [0x00000000d6e80000,0x00000000d6f58000,0x00000000d6f80000)
  to   space 1024K, 0% used [0x00000000d6d80000,0x00000000d6d80000,0x00000000d6e80000)
 ParOldGen       total 68608K, used 34865K [0x0000000080000000, 0x0000000084300000, 0x00000000d5580000)
  object space 68608K, 50% used [0x0000000080000000,0x000000008220c670,0x0000000084300000)
 Metaspace       used 49110K, committed 50304K, reserved 1114112K
  class space    used 5591K, committed 6080K, reserved 1048576K
}
Event: 17.083 GC heap before
{Heap before GC invocations=25 (full 2):
 PSYoungGen      total 16384K, used 16224K [0x00000000d5580000, 0x00000000d6f80000, 0x0000000100000000)
  eden space 15360K, 100% used [0x00000000d5580000,0x00000000d6480000,0x00000000d6480000)
  from space 1024K, 84% used [0x00000000d6e80000,0x00000000d6f58000,0x00000000d6f80000)
  to   space 1024K, 0% used [0x00000000d6d80000,0x00000000d6d80000,0x00000000d6e80000)
 ParOldGen       total 68608K, used 34871K [0x0000000080000000, 0x0000000084300000, 0x00000000d5580000)
  object space 68608K, 50% used [0x0000000080000000,0x000000008220dd20,0x0000000084300000)
 Metaspace       used 49328K, committed 50560K, reserved 1114112K
  class space    used 5613K, committed 6144K, reserved 1048576K
}
Event: 17.090 GC heap after
{Heap after GC invocations=25 (full 2):
 PSYoungGen      total 16384K, used 1008K [0x00000000d5580000, 0x00000000d7280000, 0x0000000100000000)
  eden space 15360K, 0% used [0x00000000d5580000,0x00000000d5580000,0x00000000d6480000)
  from space 1024K, 98% used [0x00000000d6d80000,0x00000000d6e7c380,0x00000000d6e80000)
  to   space 4096K, 0% used [0x00000000d6e80000,0x00000000d6e80000,0x00000000d7280000)
 ParOldGen       total 68608K, used 40088K [0x0000000080000000, 0x0000000084300000, 0x00000000d5580000)
  object space 68608K, 58% used [0x0000000080000000,0x00000000827261b0,0x0000000084300000)
 Metaspace       used 49328K, committed 50560K, reserved 1114112K
  class space    used 5613K, committed 6144K, reserved 1048576K
}
Event: 17.229 GC heap before
{Heap before GC invocations=26 (full 2):
 PSYoungGen      total 16384K, used 16368K [0x00000000d5580000, 0x00000000d7280000, 0x0000000100000000)
  eden space 15360K, 100% used [0x00000000d5580000,0x00000000d6480000,0x00000000d6480000)
  from space 1024K, 98% used [0x00000000d6d80000,0x00000000d6e7c380,0x00000000d6e80000)
  to   space 4096K, 0% used [0x00000000d6e80000,0x00000000d6e80000,0x00000000d7280000)
 ParOldGen       total 68608K, used 40088K [0x0000000080000000, 0x0000000084300000, 0x00000000d5580000)
  object space 68608K, 58% used [0x0000000080000000,0x00000000827261b0,0x0000000084300000)
 Metaspace       used 49365K, committed 50560K, reserved 1114112K
  class space    used 5617K, committed 6144K, reserved 1048576K
}
Event: 17.243 GC heap after
{Heap after GC invocations=26 (full 2):
 PSYoungGen      total 16384K, used 4074K [0x00000000d5580000, 0x00000000d7e80000, 0x0000000100000000)
  eden space 12288K, 0% used [0x00000000d5580000,0x00000000d5580000,0x00000000d6180000)
  from space 4096K, 99% used [0x00000000d6e80000,0x00000000d727a9e0,0x00000000d7280000)
  to   space 13312K, 0% used [0x00000000d6180000,0x00000000d6180000,0x00000000d6e80000)
 ParOldGen       total 68608K, used 47884K [0x0000000080000000, 0x0000000084300000, 0x00000000d5580000)
  object space 68608K, 69% used [0x0000000080000000,0x0000000082ec3230,0x0000000084300000)
 Metaspace       used 49365K, committed 50560K, reserved 1114112K
  class space    used 5617K, committed 6144K, reserved 1048576K
}
Event: 17.521 GC heap before
{Heap before GC invocations=27 (full 2):
 PSYoungGen      total 16384K, used 16362K [0x00000000d5580000, 0x00000000d7e80000, 0x0000000100000000)
  eden space 12288K, 100% used [0x00000000d5580000,0x00000000d6180000,0x00000000d6180000)
  from space 4096K, 99% used [0x00000000d6e80000,0x00000000d727a9e0,0x00000000d7280000)
  to   space 13312K, 0% used [0x00000000d6180000,0x00000000d6180000,0x00000000d6e80000)
 ParOldGen       total 68608K, used 47884K [0x0000000080000000, 0x0000000084300000, 0x00000000d5580000)
  object space 68608K, 69% used [0x0000000080000000,0x0000000082ec3230,0x0000000084300000)
 Metaspace       used 50179K, committed 51392K, reserved 1114112K
  class space    used 5757K, committed 6272K, reserved 1048576K
}
Event: 17.528 GC heap after
{Heap after GC invocations=27 (full 2):
 PSYoungGen      total 14336K, used 2016K [0x00000000d5580000, 0x00000000d6f00000, 0x0000000100000000)
  eden space 12288K, 0% used [0x00000000d5580000,0x00000000d5580000,0x00000000d6180000)
  from space 2048K, 98% used [0x00000000d6180000,0x00000000d6378000,0x00000000d6380000)
  to   space 5632K, 0% used [0x00000000d6980000,0x00000000d6980000,0x00000000d6f00000)
 ParOldGen       total 68608K, used 51969K [0x0000000080000000, 0x0000000084300000, 0x00000000d5580000)
  object space 68608K, 75% used [0x0000000080000000,0x00000000832c0758,0x0000000084300000)
 Metaspace       used 50179K, committed 51392K, reserved 1114112K
  class space    used 5757K, committed 6272K, reserved 1048576K
}
Event: 18.233 GC heap before
{Heap before GC invocations=28 (full 2):
 PSYoungGen      total 14336K, used 14304K [0x00000000d5580000, 0x00000000d6f00000, 0x0000000100000000)
  eden space 12288K, 100% used [0x00000000d5580000,0x00000000d6180000,0x00000000d6180000)
  from space 2048K, 98% used [0x00000000d6180000,0x00000000d6378000,0x00000000d6380000)
  to   space 5632K, 0% used [0x00000000d6980000,0x00000000d6980000,0x00000000d6f00000)
 ParOldGen       total 68608K, used 51969K [0x0000000080000000, 0x0000000084300000, 0x00000000d5580000)
  object space 68608K, 75% used [0x0000000080000000,0x00000000832c0758,0x0000000084300000)
 Metaspace       used 51490K, committed 52736K, reserved 1114112K
  class space    used 5949K, committed 6464K, reserved 1048576K
}
Event: 18.241 GC heap after
{Heap after GC invocations=28 (full 2):
 PSYoungGen      total 13312K, used 640K [0x00000000d5580000, 0x00000000d6a80000, 0x0000000100000000)
  eden space 12288K, 0% used [0x00000000d5580000,0x00000000d5580000,0x00000000d6180000)
  from space 1024K, 62% used [0x00000000d6980000,0x00000000d6a20020,0x00000000d6a80000)
  to   space 2048K, 0% used [0x00000000d6680000,0x00000000d6680000,0x00000000d6880000)
 ParOldGen       total 68608K, used 53849K [0x0000000080000000, 0x0000000084300000, 0x00000000d5580000)
  object space 68608K, 78% used [0x0000000080000000,0x0000000083496768,0x0000000084300000)
 Metaspace       used 51490K, committed 52736K, reserved 1114112K
  class space    used 5949K, committed 6464K, reserved 1048576K
}

